2025-07-05 14:55:30.517 [background-preinit] INFO  org.hibernate.validator.internal.util.Version - HV000001: Hibernate Validator 8.0.2.Final
2025-07-05 14:55:30.810 [main] INFO  com.example.demo3.Demo3Application - Starting Demo3Application using Java 24.0.1 with PID 10228 (C:\Users\Petrus\Downloads\demo3\target\classes started by Petrus in C:\Users\Petrus\Downloads\demo3)
2025-07-05 14:55:30.849 [main] DEBUG com.example.demo3.Demo3Application - Running with Spring Boot v3.5.0, Spring v6.2.7
2025-07-05 14:55:30.855 [main] INFO  com.example.demo3.Demo3Application - No active profile set, falling back to 1 default profile: "default"
2025-07-05 14:55:43.469 [main] INFO  org.springframework.data.repository.config.RepositoryConfigurationDelegate - Bootstrapping Spring Data JPA repositories in DEFAULT mode.
2025-07-05 14:55:44.016 [main] INFO  org.springframework.data.repository.config.RepositoryConfigurationDelegate - Finished Spring Data repository scanning in 510 ms. Found 7 JPA repository interfaces.
2025-07-05 14:55:48.618 [main] INFO  org.springframework.boot.web.embedded.tomcat.TomcatWebServer - Tomcat initialized with port 9999 (http)
2025-07-05 14:55:48.988 [main] INFO  org.springframework.boot.web.servlet.context.ServletWebServerApplicationContext - Root WebApplicationContext: initialization completed in 17764 ms
2025-07-05 14:55:49.283 [main] DEBUG com.example.demo3.security.JwtAuthFilter - Filter 'jwtAuthFilter' configured for use
2025-07-05 14:55:49.675 [main] INFO  com.zaxxer.hikari.HikariDataSource - HikariPool-1 - Starting...
2025-07-05 14:55:50.621 [main] INFO  com.zaxxer.hikari.pool.HikariPool - HikariPool-1 - Added connection org.postgresql.jdbc.PgConnection@242ff747
2025-07-05 14:55:50.628 [main] INFO  com.zaxxer.hikari.HikariDataSource - HikariPool-1 - Start completed.
2025-07-05 14:55:51.284 [main] INFO  org.hibernate.jpa.internal.util.LogHelper - HHH000204: Processing PersistenceUnitInfo [name: default]
2025-07-05 14:55:52.865 [main] INFO  org.hibernate.Version - HHH000412: Hibernate ORM core version 6.6.15.Final
2025-07-05 14:55:53.615 [main] INFO  org.hibernate.cache.internal.RegionFactoryInitiator - HHH000026: Second-level cache disabled
2025-07-05 14:55:56.198 [main] INFO  org.springframework.orm.jpa.persistenceunit.SpringPersistenceUnitInfo - No LoadTimeWeaver setup: ignoring JPA class transformer
2025-07-05 14:55:56.754 [main] WARN  org.hibernate.orm.deprecation - HHH90000025: PostgreSQLDialect does not need to be specified explicitly using 'hibernate.dialect' (remove the property setting and it will be selected by default)
2025-07-05 14:55:56.923 [main] INFO  org.hibernate.orm.connections.pooling - HHH10001005: Database info:
	Database JDBC URL [Connecting through datasource 'HikariDataSource (HikariPool-1)']
	Database driver: undefined/unknown
	Database version: 17.5
	Autocommit mode: undefined/unknown
	Isolation level: undefined/unknown
	Minimum pool size: undefined/unknown
	Maximum pool size: undefined/unknown
2025-07-05 14:56:04.795 [main] INFO  org.hibernate.engine.transaction.jta.platform.internal.JtaPlatformInitiator - HHH000489: No JTA platform available (set 'hibernate.transaction.jta.platform' to enable JTA platform integration)
2025-07-05 14:56:04.811 [main] INFO  org.springframework.orm.jpa.LocalContainerEntityManagerFactoryBean - Initialized JPA EntityManagerFactory for persistence unit 'default'
2025-07-05 14:56:07.629 [main] INFO  org.springframework.data.jpa.repository.query.QueryEnhancerFactory - Hibernate is in classpath; If applicable, HQL parser will be used.
2025-07-05 14:56:12.806 [main] WARN  org.springframework.boot.autoconfigure.orm.jpa.JpaBaseConfiguration$JpaWebConfiguration - spring.jpa.open-in-view is enabled by default. Therefore, database queries may be performed during view rendering. Explicitly configure spring.jpa.open-in-view to disable this warning
2025-07-05 14:56:13.117 [main] WARN  org.springframework.boot.autoconfigure.security.servlet.UserDetailsServiceAutoConfiguration - 

Using generated security password: 83f94d6c-cc45-4a7c-aaab-c28c29123ca8

This generated password is for development use only. Your security configuration must be updated before running your application in production.

2025-07-05 14:56:13.183 [main] INFO  org.springframework.security.config.annotation.authentication.configuration.InitializeUserDetailsBeanManagerConfigurer$InitializeUserDetailsManagerConfigurer - Global AuthenticationManager configured with UserDetailsService bean with name inMemoryUserDetailsManager
2025-07-05 14:56:18.523 [main] INFO  org.springframework.boot.web.embedded.tomcat.TomcatWebServer - Tomcat started on port 9999 (http) with context path '/'
2025-07-05 14:56:18.593 [main] INFO  com.example.demo3.Demo3Application - Started Demo3Application in 59.399 seconds (process running for 78.258)
2025-07-05 14:56:47.613 [http-nio-9999-exec-1] INFO  org.springframework.web.servlet.DispatcherServlet - Initializing Servlet 'dispatcherServlet'
2025-07-05 14:56:47.619 [http-nio-9999-exec-1] INFO  org.springframework.web.servlet.DispatcherServlet - Completed initialization in 2 ms
2025-07-05 14:56:51.258 [http-nio-9999-exec-1] DEBUG com.example.demo3.service.impl.ProductServiceImpl - test
2025-07-05 14:56:51.963 [http-nio-9999-exec-1] INFO  com.example.demo3.service.impl.ProductServiceImpl - Success to get product with id 1
2025-07-05 14:59:25.670 [SpringApplicationShutdownHook] INFO  org.springframework.boot.web.embedded.tomcat.GracefulShutdown - Commencing graceful shutdown. Waiting for active requests to complete
2025-07-05 14:59:25.699 [tomcat-shutdown] INFO  org.springframework.boot.web.embedded.tomcat.GracefulShutdown - Graceful shutdown complete
2025-07-05 14:59:25.715 [SpringApplicationShutdownHook] INFO  org.springframework.orm.jpa.LocalContainerEntityManagerFactoryBean - Closing JPA EntityManagerFactory for persistence unit 'default'
2025-07-05 14:59:25.725 [SpringApplicationShutdownHook] INFO  com.zaxxer.hikari.HikariDataSource - HikariPool-1 - Shutdown initiated...
2025-07-05 14:59:25.848 [SpringApplicationShutdownHook] INFO  com.zaxxer.hikari.HikariDataSource - HikariPool-1 - Shutdown completed.
